Feb 22, 2017 9:38:23 PM support.DeleteFiles <init>
INFO: delete files based on the default folders name...
Feb 22, 2017 9:38:23 PM display.DisplayManager start
INFO: Set Display Mode:960*640
Feb 22, 2017 9:38:23 PM display.DisplayManager start
INFO: Create Display
Feb 22, 2017 9:38:23 PM display.DisplayManager start
INFO: Initialize OpenGL
Feb 22, 2017 9:38:24 PM game.GameState registerId
INFO: This game state is registered as : ID 0
Feb 22, 2017 9:38:24 PM game.GameManager startGame
INFO: Start Game State at : ID 0
Feb 22, 2017 9:38:49 PM game.GameState registerId
INFO: This game state is registered as : ID 1
Feb 22, 2017 9:38:49 PM game.GameManager changeGameState
INFO: Change Game State to : ID 1
Feb 22, 2017 9:38:49 PM image.ImageContainer loadCharacterFile
INFO: Image : ZEN_NEUTRAL has been loaded.
Feb 22, 2017 9:38:50 PM image.ImageContainer loadCharacterFile
INFO: Image : ZEN_STAND has been loaded.
Feb 22, 2017 9:38:50 PM image.ImageContainer loadCharacterFile
INFO: Image : ZEN_FORWARD_WALK has been loaded.
Feb 22, 2017 9:38:50 PM image.ImageContainer loadCharacterFile
INFO: Image : ZEN_DASH has been loaded.
Feb 22, 2017 9:38:50 PM image.ImageContainer loadCharacterFile
INFO: Image : ZEN_BACK_STEP has been loaded.
Feb 22, 2017 9:38:50 PM image.ImageContainer loadCharacterFile
INFO: Image : ZEN_CROUCH has been loaded.
Feb 22, 2017 9:38:50 PM image.ImageContainer loadCharacterFile
INFO: Image : ZEN_JUMP has been loaded.
Feb 22, 2017 9:38:50 PM image.ImageContainer loadCharacterFile
INFO: Image : ZEN_FOR_JUMP has been loaded.
Feb 22, 2017 9:38:50 PM image.ImageContainer loadCharacterFile
INFO: Image : ZEN_BACK_JUMP has been loaded.
Feb 22, 2017 9:38:50 PM image.ImageContainer loadCharacterFile
INFO: Image : ZEN_AIR has been loaded.
Feb 22, 2017 9:38:50 PM image.ImageContainer loadCharacterFile
INFO: Image : ZEN_STAND_GUARD has been loaded.
Feb 22, 2017 9:38:50 PM image.ImageContainer loadCharacterFile
INFO: Image : ZEN_CROUCH_GUARD has been loaded.
Feb 22, 2017 9:38:50 PM image.ImageContainer loadCharacterFile
INFO: Image : ZEN_AIR_GUARD has been loaded.
Feb 22, 2017 9:38:50 PM image.ImageContainer loadCharacterFile
INFO: Image : ZEN_STAND_GUARD_RECOV has been loaded.
Feb 22, 2017 9:38:50 PM image.ImageContainer loadCharacterFile
INFO: Image : ZEN_CROUCH_GUARD_RECOV has been loaded.
Feb 22, 2017 9:38:50 PM image.ImageContainer loadCharacterFile
INFO: Image : ZEN_AIR_GUARD_RECOV has been loaded.
Feb 22, 2017 9:38:50 PM image.ImageContainer loadCharacterFile
INFO: Image : ZEN_STAND_RECOV has been loaded.
Feb 22, 2017 9:38:50 PM image.ImageContainer loadCharacterFile
INFO: Image : ZEN_CROUCH_RECOV has been loaded.
Feb 22, 2017 9:38:51 PM image.ImageContainer loadCharacterFile
INFO: Image : ZEN_AIR_RECOV has been loaded.
Feb 22, 2017 9:38:51 PM image.ImageContainer loadCharacterFile
INFO: Image : ZEN_CHANGE_DOWN has been loaded.
Feb 22, 2017 9:38:51 PM image.ImageContainer loadCharacterFile
INFO: Image : ZEN_DOWN has been loaded.
Feb 22, 2017 9:38:51 PM image.ImageContainer loadCharacterFile
INFO: Image : ZEN_RISE has been loaded.
Feb 22, 2017 9:38:51 PM image.ImageContainer loadCharacterFile
INFO: Image : ZEN_LANDING has been loaded.
Feb 22, 2017 9:38:51 PM image.ImageContainer loadCharacterFile
INFO: Image : ZEN_THROW_A has been loaded.
Feb 22, 2017 9:38:51 PM image.ImageContainer loadCharacterFile
INFO: Image : ZEN_THROW_B has been loaded.
Feb 22, 2017 9:38:51 PM image.ImageContainer loadCharacterFile
INFO: Image : ZEN_THROW_HIT has been loaded.
Feb 22, 2017 9:38:51 PM image.ImageContainer loadCharacterFile
INFO: Image : ZEN_THROW_SUFFER has been loaded.
Feb 22, 2017 9:38:51 PM image.ImageContainer loadCharacterFile
INFO: Image : ZEN_STAND_A has been loaded.
Feb 22, 2017 9:38:51 PM image.ImageContainer loadCharacterFile
INFO: Image : ZEN_STAND_B has been loaded.
Feb 22, 2017 9:38:51 PM image.ImageContainer loadCharacterFile
INFO: Image : ZEN_CROUCH_A has been loaded.
Feb 22, 2017 9:38:51 PM image.ImageContainer loadCharacterFile
INFO: Image : ZEN_CROUCH_B has been loaded.
Feb 22, 2017 9:38:51 PM image.ImageContainer loadCharacterFile
INFO: Image : ZEN_AIR_A has been loaded.
Feb 22, 2017 9:38:51 PM image.ImageContainer loadCharacterFile
INFO: Image : ZEN_AIR_B has been loaded.
Feb 22, 2017 9:38:51 PM image.ImageContainer loadCharacterFile
INFO: Image : ZEN_AIR_DA has been loaded.
Feb 22, 2017 9:38:51 PM image.ImageContainer loadCharacterFile
INFO: Image : ZEN_AIR_DB has been loaded.
Feb 22, 2017 9:38:52 PM image.ImageContainer loadCharacterFile
INFO: Image : ZEN_STAND_FA has been loaded.
Feb 22, 2017 9:38:52 PM image.ImageContainer loadCharacterFile
INFO: Image : ZEN_STAND_FB has been loaded.
Feb 22, 2017 9:38:52 PM image.ImageContainer loadCharacterFile
INFO: Image : ZEN_CROUCH_FA has been loaded.
Feb 22, 2017 9:38:52 PM image.ImageContainer loadCharacterFile
INFO: Image : ZEN_CROUCH_FB has been loaded.
Feb 22, 2017 9:38:52 PM image.ImageContainer loadCharacterFile
INFO: Image : ZEN_AIR_FA has been loaded.
Feb 22, 2017 9:38:52 PM image.ImageContainer loadCharacterFile
INFO: Image : ZEN_AIR_FB has been loaded.
Feb 22, 2017 9:38:52 PM image.ImageContainer loadCharacterFile
INFO: Image : ZEN_AIR_UA has been loaded.
Feb 22, 2017 9:38:52 PM image.ImageContainer loadCharacterFile
INFO: Image : ZEN_AIR_UB has been loaded.
Feb 22, 2017 9:38:52 PM image.ImageContainer loadCharacterFile
INFO: Image : ZEN_STAND_D_DF_FA has been loaded.
Feb 22, 2017 9:38:53 PM image.ImageContainer loadCharacterFile
INFO: Image : ZEN_STAND_D_DF_FB has been loaded.
Feb 22, 2017 9:38:53 PM image.ImageContainer loadCharacterFile
INFO: Image : ZEN_STAND_F_D_DFA has been loaded.
Feb 22, 2017 9:38:53 PM image.ImageContainer loadCharacterFile
INFO: Image : ZEN_STAND_F_D_DFB has been loaded.
Feb 22, 2017 9:38:53 PM image.ImageContainer loadCharacterFile
INFO: Image : ZEN_STAND_D_DB_BA has been loaded.
Feb 22, 2017 9:38:53 PM image.ImageContainer loadCharacterFile
INFO: Image : ZEN_STAND_D_DB_BB has been loaded.
Feb 22, 2017 9:38:53 PM image.ImageContainer loadCharacterFile
INFO: Image : ZEN_AIR_D_DF_FA has been loaded.
Feb 22, 2017 9:38:53 PM image.ImageContainer loadCharacterFile
INFO: Image : ZEN_AIR_D_DF_FB has been loaded.
Feb 22, 2017 9:38:53 PM image.ImageContainer loadCharacterFile
INFO: Image : ZEN_AIR_F_D_DFA has been loaded.
Feb 22, 2017 9:38:53 PM image.ImageContainer loadCharacterFile
INFO: Image : ZEN_AIR_F_D_DFB has been loaded.
Feb 22, 2017 9:38:54 PM image.ImageContainer loadCharacterFile
INFO: Image : ZEN_AIR_D_DB_BA has been loaded.
Feb 22, 2017 9:38:54 PM image.ImageContainer loadCharacterFile
INFO: Image : ZEN_AIR_D_DB_BB has been loaded.
Feb 22, 2017 9:38:54 PM image.ImageContainer loadCharacterFile
INFO: Image : ZEN_STAND_D_DF_FC has been loaded.
Feb 22, 2017 9:38:54 PM gamestate.Play setting
INFO: 2,
Feb 22, 2017 9:38:54 PM gamestate.Play setting
INFO: 2,
Feb 22, 2017 9:38:54 PM gamestate.Play setting
INFO: Thunder01,
Feb 22, 2017 9:38:54 PM gamestate.Play setting
INFO: Thunder01Edit,
Feb 22, 2017 9:38:54 PM gamestate.Play setting
INFO: ZEN,
Feb 22, 2017 9:38:54 PM gamestate.Play setting
INFO: ZEN,
Feb 22, 2017 9:38:54 PM game.GameState registerId
INFO: This game state is registered as : ID 2
Feb 22, 2017 9:38:54 PM game.GameManager changeGameState
INFO: Change Game State to : ID 2
Feb 22, 2017 9:40:51 PM game.GameState registerId
INFO: This game state is registered as : ID 3
Feb 22, 2017 9:40:51 PM game.GameManager changeGameState
INFO: Change Game State to : ID 3
Feb 22, 2017 9:40:51 PM game.GameManager changeGameState
INFO: Change Game State to : ID 2
Feb 22, 2017 9:40:51 PM game.GameManager changeGameState
INFO: Change Game State to : ID 1
Feb 22, 2017 9:40:51 PM gamestate.Play setting
INFO: 2,
Feb 22, 2017 9:40:51 PM gamestate.Play setting
INFO: 2,
Feb 22, 2017 9:40:51 PM gamestate.Play setting
INFO: Thunder01,
Feb 22, 2017 9:40:51 PM gamestate.Play setting
INFO: Thunder01Edit,
Feb 22, 2017 9:40:51 PM gamestate.Play setting
INFO: ZEN,
Feb 22, 2017 9:40:51 PM gamestate.Play setting
INFO: ZEN,
Feb 22, 2017 9:40:51 PM game.GameState registerId
INFO: This game state is registered as : ID 2
Feb 22, 2017 9:40:51 PM game.GameManager changeGameState
INFO: Change Game State to : ID 2
Feb 22, 2017 9:41:02 PM game.GameManager changeGameState
INFO: Change Game State to : ID 1
Feb 22, 2017 9:41:02 PM game.GameManager changeGameState
INFO: Change Game State to : ID 0
Feb 22, 2017 9:41:05 PM display.DisplayManager start
INFO: Close Display
